Analysis & Synthesis report for ex2
Fri May 31 15:04:27 2019
Quartus II 64-Bit Version 13.1.0 Build 162 10/23/2013 SJ Web Edition


---------------------
; Table of Contents ;
---------------------
  1. Legal Notice
  2. Analysis & Synthesis Summary
  3. Analysis & Synthesis Settings
  4. Parallel Compilation
  5. Analysis & Synthesis Source Files Read
  6. Analysis & Synthesis Resource Usage Summary
  7. Analysis & Synthesis Resource Utilization by Entity
  8. Registers Removed During Synthesis
  9. Removed Registers Triggering Further Register Optimizations
 10. General Register Statistics
 11. Multiplexer Restructuring Statistics (Restructuring Performed)
 12. Parameter Settings for User Entity Instance: Top-level Entity: |ex2
 13. Parameter Settings for User Entity Instance: debounce:debounce_operation_2
 14. Parameter Settings for User Entity Instance: debounce:debounce_operation_1
 15. Parameter Settings for User Entity Instance: debounce:debounce_operation_0
 16. Parameter Settings for User Entity Instance: debounce:\number_dbc_gen:0:number_dbc_X
 17. Parameter Settings for User Entity Instance: debounce:\number_dbc_gen:1:number_dbc_X
 18. Parameter Settings for User Entity Instance: debounce:\number_dbc_gen:2:number_dbc_X
 19. Parameter Settings for User Entity Instance: debounce:\number_dbc_gen:3:number_dbc_X
 20. Elapsed Time Per Partition
 21. Analysis & Synthesis Messages



----------------
; Legal Notice ;
----------------
Copyright (C) 1991-2013 Altera Corporation
Your use of Altera Corporation's design tools, logic functions 
and other software and tools, and its AMPP partner logic 
functions, and any output files from any of the foregoing 
(including device programming or simulation files), and any 
associated documentation or information are expressly subject 
to the terms and conditions of the Altera Program License 
Subscription Agreement, Altera MegaCore Function License 
Agreement, or other applicable license agreement, including, 
without limitation, that your use is for the sole purpose of 
programming logic devices manufactured by Altera and sold by 
Altera or its authorized distributors.  Please refer to the 
applicable agreement for further details.



+---------------------------------------------------------------------------------+
; Analysis & Synthesis Summary                                                    ;
+------------------------------------+--------------------------------------------+
; Analysis & Synthesis Status        ; Successful - Fri May 31 15:04:27 2019      ;
; Quartus II 64-Bit Version          ; 13.1.0 Build 162 10/23/2013 SJ Web Edition ;
; Revision Name                      ; ex2                                        ;
; Top-level Entity Name              ; ex2                                        ;
; Family                             ; Cyclone III                                ;
; Total logic elements               ; 476                                        ;
;     Total combinational functions  ; 476                                        ;
;     Dedicated logic registers      ; 299                                        ;
; Total registers                    ; 299                                        ;
; Total pins                         ; 36                                         ;
; Total virtual pins                 ; 0                                          ;
; Total memory bits                  ; 0                                          ;
; Embedded Multiplier 9-bit elements ; 0                                          ;
; Total PLLs                         ; 0                                          ;
+------------------------------------+--------------------------------------------+


+----------------------------------------------------------------------------------------------------------------------+
; Analysis & Synthesis Settings                                                                                        ;
+----------------------------------------------------------------------------+--------------------+--------------------+
; Option                                                                     ; Setting            ; Default Value      ;
+----------------------------------------------------------------------------+--------------------+--------------------+
; Device                                                                     ; EP3C16F484C6       ;                    ;
; Top-level entity name                                                      ; ex2                ; ex2                ;
; Family name                                                                ; Cyclone III        ; Cyclone IV GX      ;
; VHDL Show LMF Mapping Messages                                             ; Off                ;                    ;
; VHDL Version                                                               ; VHDL_2008          ; VHDL_1993          ;
; Use smart compilation                                                      ; Off                ; Off                ;
; Enable parallel Assembler and TimeQuest Timing Analyzer during compilation ; On                 ; On                 ;
; Enable compact report table                                                ; Off                ; Off                ;
; Restructure Multiplexers                                                   ; Auto               ; Auto               ;
; Create Debugging Nodes for IP Cores                                        ; Off                ; Off                ;
; Preserve fewer node names                                                  ; On                 ; On                 ;
; Disable OpenCore Plus hardware evaluation                                  ; Off                ; Off                ;
; Verilog Version                                                            ; Verilog_2001       ; Verilog_2001       ;
; State Machine Processing                                                   ; Auto               ; Auto               ;
; Safe State Machine                                                         ; Off                ; Off                ;
; Extract Verilog State Machines                                             ; On                 ; On                 ;
; Extract VHDL State Machines                                                ; On                 ; On                 ;
; Ignore Verilog initial constructs                                          ; Off                ; Off                ;
; Iteration limit for constant Verilog loops                                 ; 5000               ; 5000               ;
; Iteration limit for non-constant Verilog loops                             ; 250                ; 250                ;
; Add Pass-Through Logic to Inferred RAMs                                    ; On                 ; On                 ;
; Infer RAMs from Raw Logic                                                  ; On                 ; On                 ;
; Parallel Synthesis                                                         ; On                 ; On                 ;
; DSP Block Balancing                                                        ; Auto               ; Auto               ;
; NOT Gate Push-Back                                                         ; On                 ; On                 ;
; Power-Up Don't Care                                                        ; On                 ; On                 ;
; Remove Redundant Logic Cells                                               ; Off                ; Off                ;
; Remove Duplicate Registers                                                 ; On                 ; On                 ;
; Ignore CARRY Buffers                                                       ; Off                ; Off                ;
; Ignore CASCADE Buffers                                                     ; Off                ; Off                ;
; Ignore GLOBAL Buffers                                                      ; Off                ; Off                ;
; Ignore ROW GLOBAL Buffers                                                  ; Off                ; Off                ;
; Ignore LCELL Buffers                                                       ; Off                ; Off                ;
; Ignore SOFT Buffers                                                        ; On                 ; On                 ;
; Limit AHDL Integers to 32 Bits                                             ; Off                ; Off                ;
; Optimization Technique                                                     ; Balanced           ; Balanced           ;
; Carry Chain Length                                                         ; 70                 ; 70                 ;
; Auto Carry Chains                                                          ; On                 ; On                 ;
; Auto Open-Drain Pins                                                       ; On                 ; On                 ;
; Perform WYSIWYG Primitive Resynthesis                                      ; Off                ; Off                ;
; Auto ROM Replacement                                                       ; On                 ; On                 ;
; Auto RAM Replacement                                                       ; On                 ; On                 ;
; Auto DSP Block Replacement                                                 ; On                 ; On                 ;
; Auto Shift Register Replacement                                            ; Auto               ; Auto               ;
; Allow Shift Register Merging across Hierarchies                            ; Auto               ; Auto               ;
; Auto Clock Enable Replacement                                              ; On                 ; On                 ;
; Strict RAM Replacement                                                     ; Off                ; Off                ;
; Allow Synchronous Control Signals                                          ; On                 ; On                 ;
; Force Use of Synchronous Clear Signals                                     ; Off                ; Off                ;
; Auto RAM Block Balancing                                                   ; On                 ; On                 ;
; Auto RAM to Logic Cell Conversion                                          ; Off                ; Off                ;
; Auto Resource Sharing                                                      ; Off                ; Off                ;
; Allow Any RAM Size For Recognition                                         ; Off                ; Off                ;
; Allow Any ROM Size For Recognition                                         ; Off                ; Off                ;
; Allow Any Shift Register Size For Recognition                              ; Off                ; Off                ;
; Use LogicLock Constraints during Resource Balancing                        ; On                 ; On                 ;
; Ignore translate_off and synthesis_off directives                          ; Off                ; Off                ;
; Timing-Driven Synthesis                                                    ; On                 ; On                 ;
; Report Parameter Settings                                                  ; On                 ; On                 ;
; Report Source Assignments                                                  ; On                 ; On                 ;
; Report Connectivity Checks                                                 ; On                 ; On                 ;
; Ignore Maximum Fan-Out Assignments                                         ; Off                ; Off                ;
; Synchronization Register Chain Length                                      ; 2                  ; 2                  ;
; PowerPlay Power Optimization                                               ; Normal compilation ; Normal compilation ;
; HDL message level                                                          ; Level2             ; Level2             ;
; Suppress Register Optimization Related Messages                            ; Off                ; Off                ;
; Number of Removed Registers Reported in Synthesis Report                   ; 5000               ; 5000               ;
; Number of Swept Nodes Reported in Synthesis Report                         ; 5000               ; 5000               ;
; Number of Inverted Registers Reported in Synthesis Report                  ; 100                ; 100                ;
; Clock MUX Protection                                                       ; On                 ; On                 ;
; Auto Gated Clock Conversion                                                ; Off                ; Off                ;
; Block Design Naming                                                        ; Auto               ; Auto               ;
; SDC constraint protection                                                  ; Off                ; Off                ;
; Synthesis Effort                                                           ; Auto               ; Auto               ;
; Shift Register Replacement - Allow Asynchronous Clear Signal               ; On                 ; On                 ;
; Pre-Mapping Resynthesis Optimization                                       ; Off                ; Off                ;
; Analysis & Synthesis Message Level                                         ; Medium             ; Medium             ;
; Disable Register Merging Across Hierarchies                                ; Auto               ; Auto               ;
; Resource Aware Inference For Block RAM                                     ; On                 ; On                 ;
; Synthesis Seed                                                             ; 1                  ; 1                  ;
+----------------------------------------------------------------------------+--------------------+--------------------+


Parallel compilation was disabled, but you have multiple processors available. Enable parallel compilation to reduce compilation time.
+-------------------------------------+
; Parallel Compilation                ;
+----------------------------+--------+
; Processors                 ; Number ;
+----------------------------+--------+
; Number detected on machine ; 4      ;
; Maximum allowed            ; 1      ;
+----------------------------+--------+


+-------------------------------------------------------------------------------------------------------------------------------------------+
; Analysis & Synthesis Source Files Read                                                                                                    ;
+----------------------------------+-----------------+-----------------------+----------------------------------------------------+---------+
; File Name with User-Entered Path ; Used in Netlist ; File Type             ; File Name with Absolute Path                       ; Library ;
+----------------------------------+-----------------+-----------------------+----------------------------------------------------+---------+
; ex2.vhd                          ; yes             ; User VHDL File        ; H:/UTFPR/8Periodo/logRec/LABALGO/vhdl/ex2.vhd      ;         ;
; debounce.vhd                     ; yes             ; Auto-Found VHDL File  ; H:/UTFPR/8Periodo/logRec/LABALGO/vhdl/debounce.vhd ;         ;
+----------------------------------+-----------------+-----------------------+----------------------------------------------------+---------+


+---------------------------------------------------------+
; Analysis & Synthesis Resource Usage Summary             ;
+---------------------------------------------+-----------+
; Resource                                    ; Usage     ;
+---------------------------------------------+-----------+
; Estimated Total logic elements              ; 476       ;
;                                             ;           ;
; Total combinational functions               ; 476       ;
; Logic element usage by number of LUT inputs ;           ;
;     -- 4 input functions                    ; 135       ;
;     -- 3 input functions                    ; 19        ;
;     -- <=2 input functions                  ; 322       ;
;                                             ;           ;
; Logic elements by mode                      ;           ;
;     -- normal mode                          ; 173       ;
;     -- arithmetic mode                      ; 303       ;
;                                             ;           ;
; Total registers                             ; 299       ;
;     -- Dedicated logic registers            ; 299       ;
;     -- I/O registers                        ; 0         ;
;                                             ;           ;
; I/O pins                                    ; 36        ;
; Embedded Multiplier 9-bit elements          ; 0         ;
; Maximum fan-out node                        ; clk~input ;
; Maximum fan-out                             ; 299       ;
; Total fan-out                               ; 2381      ;
; Average fan-out                             ; 2.81      ;
+---------------------------------------------+-----------+


+------------------------------------------------------------------------------------------------------------------------------------------------------------------------------------------------------------------------+
; Analysis & Synthesis Resource Utilization by Entity                                                                                                                                                                    ;
+----------------------------------------------+-------------------+--------------+-------------+--------------+---------+-----------+------+--------------+----------------------------------------------+--------------+
; Compilation Hierarchy Node                   ; LC Combinationals ; LC Registers ; Memory Bits ; DSP Elements ; DSP 9x9 ; DSP 18x18 ; Pins ; Virtual Pins ; Full Hierarchy Name                          ; Library Name ;
+----------------------------------------------+-------------------+--------------+-------------+--------------+---------+-----------+------+--------------+----------------------------------------------+--------------+
; |ex2                                         ; 476 (164)         ; 299 (68)     ; 0           ; 0            ; 0       ; 0         ; 36   ; 0            ; |ex2                                         ; work         ;
;    |debounce:\number_dbc_gen:0:number_dbc_X| ; 45 (45)           ; 33 (33)      ; 0           ; 0            ; 0       ; 0         ; 0    ; 0            ; |ex2|debounce:\number_dbc_gen:0:number_dbc_X ; work         ;
;    |debounce:\number_dbc_gen:1:number_dbc_X| ; 45 (45)           ; 33 (33)      ; 0           ; 0            ; 0       ; 0         ; 0    ; 0            ; |ex2|debounce:\number_dbc_gen:1:number_dbc_X ; work         ;
;    |debounce:\number_dbc_gen:2:number_dbc_X| ; 45 (45)           ; 33 (33)      ; 0           ; 0            ; 0       ; 0         ; 0    ; 0            ; |ex2|debounce:\number_dbc_gen:2:number_dbc_X ; work         ;
;    |debounce:\number_dbc_gen:3:number_dbc_X| ; 45 (45)           ; 33 (33)      ; 0           ; 0            ; 0       ; 0         ; 0    ; 0            ; |ex2|debounce:\number_dbc_gen:3:number_dbc_X ; work         ;
;    |debounce:debounce_operation_0|           ; 44 (44)           ; 33 (33)      ; 0           ; 0            ; 0       ; 0         ; 0    ; 0            ; |ex2|debounce:debounce_operation_0           ; work         ;
;    |debounce:debounce_operation_1|           ; 44 (44)           ; 33 (33)      ; 0           ; 0            ; 0       ; 0         ; 0    ; 0            ; |ex2|debounce:debounce_operation_1           ; work         ;
;    |debounce:debounce_operation_2|           ; 44 (44)           ; 33 (33)      ; 0           ; 0            ; 0       ; 0         ; 0    ; 0            ; |ex2|debounce:debounce_operation_2           ; work         ;
+----------------------------------------------+-------------------+--------------+-------------+--------------+---------+-----------+------+--------------+----------------------------------------------+--------------+
Note: For table entries with two numbers listed, the numbers in parentheses indicate the number of resources of the given type used by the specific entity alone. The numbers listed outside of parentheses indicate the total resources of the given type used by the specific entity and all of its sub-entities in the hierarchy.


+--------------------------------------------------------------------------------------+
; Registers Removed During Synthesis                                                   ;
+----------------------------------------+---------------------------------------------+
; Register name                          ; Reason for Removal                          ;
+----------------------------------------+---------------------------------------------+
; op_result[0..3]                        ; Stuck at GND due to stuck port clock_enable ;
; rpn_stack[1][3]                        ; Lost fanout                                 ;
; rpn_stack[1][2]                        ; Lost fanout                                 ;
; rpn_stack[1][1]                        ; Lost fanout                                 ;
; rpn_stack[1][0]                        ; Lost fanout                                 ;
; rpn_stack[2][3]                        ; Lost fanout                                 ;
; rpn_stack[2][2]                        ; Lost fanout                                 ;
; rpn_stack[2][1]                        ; Lost fanout                                 ;
; rpn_stack[2][0]                        ; Lost fanout                                 ;
; rpn_stack[3][3]                        ; Lost fanout                                 ;
; rpn_stack[3][2]                        ; Lost fanout                                 ;
; rpn_stack[3][1]                        ; Lost fanout                                 ;
; rpn_stack[3][0]                        ; Lost fanout                                 ;
; Total Number of Removed Registers = 16 ;                                             ;
+----------------------------------------+---------------------------------------------+


+-------------------------------------------------------------------------------+
; Removed Registers Triggering Further Register Optimizations                   ;
+-----------------+--------------------+----------------------------------------+
; Register name   ; Reason for Removal ; Registers Removed due to This Register ;
+-----------------+--------------------+----------------------------------------+
; rpn_stack[1][3] ; Lost Fanouts       ; rpn_stack[2][3], rpn_stack[3][3]       ;
; rpn_stack[1][2] ; Lost Fanouts       ; rpn_stack[2][2], rpn_stack[3][2]       ;
; rpn_stack[1][1] ; Lost Fanouts       ; rpn_stack[2][1], rpn_stack[3][1]       ;
; rpn_stack[1][0] ; Lost Fanouts       ; rpn_stack[2][0], rpn_stack[3][0]       ;
+-----------------+--------------------+----------------------------------------+


+------------------------------------------------------+
; General Register Statistics                          ;
+----------------------------------------------+-------+
; Statistic                                    ; Value ;
+----------------------------------------------+-------+
; Total registers                              ; 299   ;
; Number of registers using Synchronous Clear  ; 32    ;
; Number of registers using Synchronous Load   ; 0     ;
; Number of registers using Asynchronous Clear ; 224   ;
; Number of registers using Asynchronous Load  ; 0     ;
; Number of registers using Clock Enable       ; 253   ;
; Number of registers using Preset             ; 0     ;
+----------------------------------------------+-------+


+------------------------------------------------------------------------------------------------------------------------------------------+
; Multiplexer Restructuring Statistics (Restructuring Performed)                                                                           ;
+--------------------+-----------+---------------+----------------------+------------------------+------------+----------------------------+
; Multiplexer Inputs ; Bus Width ; Baseline Area ; Area if Restructured ; Saving if Restructured ; Registered ; Example Multiplexer Output ;
+--------------------+-----------+---------------+----------------------+------------------------+------------+----------------------------+
; 3:1                ; 32 bits   ; 64 LEs        ; 32 LEs               ; 32 LEs                 ; Yes        ; |ex2|counter[18]           ;
; 5:1                ; 32 bits   ; 96 LEs        ; 64 LEs               ; 32 LEs                 ; Yes        ; |ex2|stack_top[12]         ;
; 6:1                ; 4 bits    ; 16 LEs        ; 4 LEs                ; 12 LEs                 ; Yes        ; |ex2|rpn_stack[3][3]       ;
; 6:1                ; 4 bits    ; 16 LEs        ; 8 LEs                ; 8 LEs                  ; Yes        ; |ex2|rpn_stack[2][3]       ;
; 6:1                ; 4 bits    ; 16 LEs        ; 12 LEs               ; 4 LEs                  ; Yes        ; |ex2|op_result[2]          ;
; 5:1                ; 4 bits    ; 12 LEs        ; 8 LEs                ; 4 LEs                  ; Yes        ; |ex2|rpn_stack[0][1]       ;
; 6:1                ; 4 bits    ; 16 LEs        ; 8 LEs                ; 8 LEs                  ; Yes        ; |ex2|rpn_stack[1][3]       ;
; 16:1               ; 2 bits    ; 20 LEs        ; 16 LEs               ; 4 LEs                  ; No         ; |ex2|ssd_saida             ;
+--------------------+-----------+---------------+----------------------+------------------------+------------+----------------------------+


+---------------------------------------------------------------------+
; Parameter Settings for User Entity Instance: Top-level Entity: |ex2 ;
+-------------------+-------+-----------------------------------------+
; Parameter Name    ; Value ; Type                                    ;
+-------------------+-------+-----------------------------------------+
; NUMDISPLAYS       ; 4     ; Signed Integer                          ;
; BITS_NUM          ; 4     ; Signed Integer                          ;
; NUM_MEMORY        ; 4     ; Signed Integer                          ;
; CMD_DEBOUNCE_T_MS ; 5     ; Signed Integer                          ;
; FCLK              ; 1000  ; Signed Integer                          ;
+-------------------+-------+-----------------------------------------+
Note: In order to hide this table in the UI and the text report file, please set the "Show Parameter Settings in Synthesis Report" option in "Analysis and Synthesis Settings -> More Settings" to "Off".


+----------------------------------------------------------------------------+
; Parameter Settings for User Entity Instance: debounce:debounce_operation_2 ;
+----------------+-------+---------------------------------------------------+
; Parameter Name ; Value ; Type                                              ;
+----------------+-------+---------------------------------------------------+
; time_ms        ; 2     ; Signed Integer                                    ;
; freq_clk       ; 1000  ; Signed Integer                                    ;
+----------------+-------+---------------------------------------------------+
Note: In order to hide this table in the UI and the text report file, please set the "Show Parameter Settings in Synthesis Report" option in "Analysis and Synthesis Settings -> More Settings" to "Off".


+----------------------------------------------------------------------------+
; Parameter Settings for User Entity Instance: debounce:debounce_operation_1 ;
+----------------+-------+---------------------------------------------------+
; Parameter Name ; Value ; Type                                              ;
+----------------+-------+---------------------------------------------------+
; time_ms        ; 2     ; Signed Integer                                    ;
; freq_clk       ; 1000  ; Signed Integer                                    ;
+----------------+-------+---------------------------------------------------+
Note: In order to hide this table in the UI and the text report file, please set the "Show Parameter Settings in Synthesis Report" option in "Analysis and Synthesis Settings -> More Settings" to "Off".


+----------------------------------------------------------------------------+
; Parameter Settings for User Entity Instance: debounce:debounce_operation_0 ;
+----------------+-------+---------------------------------------------------+
; Parameter Name ; Value ; Type                                              ;
+----------------+-------+---------------------------------------------------+
; time_ms        ; 2     ; Signed Integer                                    ;
; freq_clk       ; 1000  ; Signed Integer                                    ;
+----------------+-------+---------------------------------------------------+
Note: In order to hide this table in the UI and the text report file, please set the "Show Parameter Settings in Synthesis Report" option in "Analysis and Synthesis Settings -> More Settings" to "Off".


+--------------------------------------------------------------------------------------+
; Parameter Settings for User Entity Instance: debounce:\number_dbc_gen:0:number_dbc_X ;
+----------------+-------+-------------------------------------------------------------+
; Parameter Name ; Value ; Type                                                        ;
+----------------+-------+-------------------------------------------------------------+
; time_ms        ; 2     ; Signed Integer                                              ;
; freq_clk       ; 1000  ; Signed Integer                                              ;
+----------------+-------+-------------------------------------------------------------+
Note: In order to hide this table in the UI and the text report file, please set the "Show Parameter Settings in Synthesis Report" option in "Analysis and Synthesis Settings -> More Settings" to "Off".


+--------------------------------------------------------------------------------------+
; Parameter Settings for User Entity Instance: debounce:\number_dbc_gen:1:number_dbc_X ;
+----------------+-------+-------------------------------------------------------------+
; Parameter Name ; Value ; Type                                                        ;
+----------------+-------+-------------------------------------------------------------+
; time_ms        ; 2     ; Signed Integer                                              ;
; freq_clk       ; 1000  ; Signed Integer                                              ;
+----------------+-------+-------------------------------------------------------------+
Note: In order to hide this table in the UI and the text report file, please set the "Show Parameter Settings in Synthesis Report" option in "Analysis and Synthesis Settings -> More Settings" to "Off".


+--------------------------------------------------------------------------------------+
; Parameter Settings for User Entity Instance: debounce:\number_dbc_gen:2:number_dbc_X ;
+----------------+-------+-------------------------------------------------------------+
; Parameter Name ; Value ; Type                                                        ;
+----------------+-------+-------------------------------------------------------------+
; time_ms        ; 2     ; Signed Integer                                              ;
; freq_clk       ; 1000  ; Signed Integer                                              ;
+----------------+-------+-------------------------------------------------------------+
Note: In order to hide this table in the UI and the text report file, please set the "Show Parameter Settings in Synthesis Report" option in "Analysis and Synthesis Settings -> More Settings" to "Off".


+--------------------------------------------------------------------------------------+
; Parameter Settings for User Entity Instance: debounce:\number_dbc_gen:3:number_dbc_X ;
+----------------+-------+-------------------------------------------------------------+
; Parameter Name ; Value ; Type                                                        ;
+----------------+-------+-------------------------------------------------------------+
; time_ms        ; 2     ; Signed Integer                                              ;
; freq_clk       ; 1000  ; Signed Integer                                              ;
+----------------+-------+-------------------------------------------------------------+
Note: In order to hide this table in the UI and the text report file, please set the "Show Parameter Settings in Synthesis Report" option in "Analysis and Synthesis Settings -> More Settings" to "Off".


+-------------------------------+
; Elapsed Time Per Partition    ;
+----------------+--------------+
; Partition Name ; Elapsed Time ;
+----------------+--------------+
; Top            ; 00:00:01     ;
+----------------+--------------+


+-------------------------------+
; Analysis & Synthesis Messages ;
+-------------------------------+
Info: *******************************************************************
Info: Running Quartus II 64-Bit Analysis & Synthesis
    Info: Version 13.1.0 Build 162 10/23/2013 SJ Web Edition
    Info: Processing started: Fri May 31 15:04:23 2019
Info: Command: quartus_map --read_settings_files=on --write_settings_files=off ex2 -c ex2
Warning (20028): Parallel compilation is not licensed and has been disabled
Info (12021): Found 2 design units, including 1 entities, in source file ex2.vhd
    Info (12022): Found design unit 1: ex2-arch
    Info (12023): Found entity 1: ex2
Info (12127): Elaborating entity "ex2" for the top level hierarchy
Warning (12125): Using design file debounce.vhd, which is not specified as a design file for the current project, but contains definitions for 2 design units and 1 entities in project
    Info (12022): Found design unit 1: debounce-arch
    Info (12023): Found entity 1: debounce
Info (12128): Elaborating entity "debounce" for hierarchy "debounce:debounce_operation_2"
Warning (10492): VHDL Process Statement warning at debounce.vhd(24): signal "button" is read inside the Process Statement but isn't in the Process Statement's sensitivity list
Warning (13024): Output pins are stuck at VCC or GND
    Warning (13410): Pin "ssd_saida[7]" is stuck at GND
    Warning (13410): Pin "ssd_saida[8]" is stuck at GND
    Warning (13410): Pin "ssd_saida[9]" is stuck at GND
    Warning (13410): Pin "ssd_saida[10]" is stuck at GND
    Warning (13410): Pin "ssd_saida[11]" is stuck at GND
    Warning (13410): Pin "ssd_saida[12]" is stuck at GND
    Warning (13410): Pin "ssd_saida[13]" is stuck at VCC
    Warning (13410): Pin "ssd_saida[14]" is stuck at GND
    Warning (13410): Pin "ssd_saida[15]" is stuck at GND
    Warning (13410): Pin "ssd_saida[16]" is stuck at GND
    Warning (13410): Pin "ssd_saida[17]" is stuck at GND
    Warning (13410): Pin "ssd_saida[18]" is stuck at GND
    Warning (13410): Pin "ssd_saida[19]" is stuck at GND
    Warning (13410): Pin "ssd_saida[20]" is stuck at VCC
    Warning (13410): Pin "ssd_saida[21]" is stuck at GND
    Warning (13410): Pin "ssd_saida[22]" is stuck at GND
    Warning (13410): Pin "ssd_saida[23]" is stuck at GND
    Warning (13410): Pin "ssd_saida[24]" is stuck at GND
    Warning (13410): Pin "ssd_saida[25]" is stuck at GND
    Warning (13410): Pin "ssd_saida[26]" is stuck at GND
    Warning (13410): Pin "ssd_saida[27]" is stuck at VCC
Info (286030): Timing-Driven Synthesis is running
Info (17049): 12 registers lost all their fanouts during netlist optimizations.
Info (16010): Generating hard_block partition "hard_block:auto_generated_inst"
    Info (16011): Adding 0 node(s), including 0 DDIO, 0 PLL, 0 transceiver and 0 LCELL
Info (21057): Implemented 512 device resources after synthesis - the final resource count might be different
    Info (21058): Implemented 8 input pins
    Info (21059): Implemented 28 output pins
    Info (21061): Implemented 476 logic cells
Info: Quartus II 64-Bit Analysis & Synthesis was successful. 0 errors, 25 warnings
    Info: Peak virtual memory: 4692 megabytes
    Info: Processing ended: Fri May 31 15:04:28 2019
    Info: Elapsed time: 00:00:05
    Info: Total CPU time (on all processors): 00:00:04


